nohup: ignoring input
[2026-04-28 10:38:03 +0000] [2490490] [INFO] Starting gunicorn 25.3.0
[2026-04-28 10:38:03 +0000] [2490490] [INFO] Listening at: http://127.0.0.1:8000 (2490490)
[2026-04-28 10:38:03 +0000] [2490490] [INFO] Using worker: uvicorn.workers.UvicornWorker
[2026-04-28 10:38:03 +0000] [2490493] [INFO] Booting worker with pid: 2490493
[2026-04-28 10:38:03 +0000] [2490493] [ERROR] Exception in worker process
Traceback (most recent call last):
  File "/var/www/html/venv/lib/python3.10/site-packages/gunicorn/arbiter.py", line 713, in spawn_worker
    worker.init_process()
  File "/var/www/html/venv/lib/python3.10/site-packages/gunicorn/workers/base.py", line 136, in init_process
    self.load_wsgi()
  File "/var/www/html/venv/lib/python3.10/site-packages/gunicorn/workers/base.py", line 148, in load_wsgi
    self.wsgi = self.app.wsgi()
  File "/var/www/html/venv/lib/python3.10/site-packages/gunicorn/app/base.py", line 66, in wsgi
    self.callable = self.load()
  File "/var/www/html/venv/lib/python3.10/site-packages/gunicorn/app/wsgiapp.py", line 57, in load
    return self.load_wsgiapp()
  File "/var/www/html/venv/lib/python3.10/site-packages/gunicorn/app/wsgiapp.py", line 47, in load_wsgiapp
    return util.import_app(self.app_uri)
  File "/var/www/html/venv/lib/python3.10/site-packages/gunicorn/util.py", line 377, in import_app
    mod = importlib.import_module(module)
  File "/usr/lib/python3.10/importlib/__init__.py", line 126, in import_module
    return _bootstrap._gcd_import(name[level:], package, level)
  File "<frozen importlib._bootstrap>", line 1050, in _gcd_import
  File "<frozen importlib._bootstrap>", line 1027, in _find_and_load
  File "<frozen importlib._bootstrap>", line 1004, in _find_and_load_unlocked
ModuleNotFoundError: No module named 'main'
No module named 'main'
[2026-04-28 10:38:03 +0000] [2490493] [INFO] Worker exiting (pid: 2490493)
[2026-04-28 10:38:03 +0000] [2490494] [INFO] Booting worker with pid: 2490494
[2026-04-28 10:38:03 +0000] [2490494] [ERROR] Exception in worker process
Traceback (most recent call last):
  File "/var/www/html/venv/lib/python3.10/site-packages/gunicorn/arbiter.py", line 713, in spawn_worker
    worker.init_process()
  File "/var/www/html/venv/lib/python3.10/site-packages/gunicorn/workers/base.py", line 136, in init_process
    self.load_wsgi()
  File "/var/www/html/venv/lib/python3.10/site-packages/gunicorn/workers/base.py", line 148, in load_wsgi
    self.wsgi = self.app.wsgi()
  File "/var/www/html/venv/lib/python3.10/site-packages/gunicorn/app/base.py", line 66, in wsgi
    self.callable = self.load()
  File "/var/www/html/venv/lib/python3.10/site-packages/gunicorn/app/wsgiapp.py", line 57, in load
    return self.load_wsgiapp()
  File "/var/www/html/venv/lib/python3.10/site-packages/gunicorn/app/wsgiapp.py", line 47, in load_wsgiapp
    return util.import_app(self.app_uri)
  File "/var/www/html/venv/lib/python3.10/site-packages/gunicorn/util.py", line 377, in import_app
    mod = importlib.import_module(module)
  File "/usr/lib/python3.10/importlib/__init__.py", line 126, in import_module
    return _bootstrap._gcd_import(name[level:], package, level)
  File "<frozen importlib._bootstrap>", line 1050, in _gcd_import
  File "<frozen importlib._bootstrap>", line 1027, in _find_and_load
  File "<frozen importlib._bootstrap>", line 1004, in _find_and_load_unlocked
ModuleNotFoundError: No module named 'main'
No module named 'main'
[2026-04-28 10:38:03 +0000] [2490494] [INFO] Worker exiting (pid: 2490494)
[2026-04-28 10:38:03 +0000] [2490490] [ERROR] Worker (pid:2490493) exited with code 3.
[2026-04-28 10:38:03 +0000] [2490490] [INFO] Control socket listening at /run/user/0/gunicorn.ctl
[2026-04-28 10:38:05 +0000] [2490490] [ERROR] Worker (pid:2490494) exited with code 3.
Traceback (most recent call last):
  File "/var/www/html/venv/lib/python3.10/site-packages/gunicorn/arbiter.py", line 246, in run
    handler()
  File "/var/www/html/venv/lib/python3.10/site-packages/gunicorn/arbiter.py", line 271, in handle_chld
    self.reap_workers()
  File "/var/www/html/venv/lib/python3.10/site-packages/gunicorn/arbiter.py", line 641, in reap_workers
    raise HaltServer(reason, self.WORKER_BOOT_ERROR)
gunicorn.errors.HaltServer: <HaltServer 'Worker failed to boot.' 3>

During handling of the above exception, another exception occurred:

Traceback (most recent call last):
  File "/var/www/html/venv/bin/gunicorn", line 8, in <module>
    sys.exit(run())
  File "/var/www/html/venv/lib/python3.10/site-packages/gunicorn/app/wsgiapp.py", line 66, in run
    WSGIApplication("%(prog)s [OPTIONS] [APP_MODULE]", prog=prog).run()
  File "/var/www/html/venv/lib/python3.10/site-packages/gunicorn/app/base.py", line 235, in run
    super().run()
  File "/var/www/html/venv/lib/python3.10/site-packages/gunicorn/app/base.py", line 71, in run
    Arbiter(self).run()
  File "/var/www/html/venv/lib/python3.10/site-packages/gunicorn/arbiter.py", line 254, in run
    self.halt(reason=inst.reason, exit_status=inst.exit_status)
  File "/var/www/html/venv/lib/python3.10/site-packages/gunicorn/arbiter.py", line 378, in halt
    self.stop()
  File "/var/www/html/venv/lib/python3.10/site-packages/gunicorn/arbiter.py", line 458, in stop
    self.reap_workers()
  File "/var/www/html/venv/lib/python3.10/site-packages/gunicorn/arbiter.py", line 641, in reap_workers
    raise HaltServer(reason, self.WORKER_BOOT_ERROR)
gunicorn.errors.HaltServer: <HaltServer 'Worker failed to boot.' 3>
