nohup: ignoring input
[2026-05-01 06:03:27 +0000] [3488569] [INFO] Starting gunicorn 25.3.0
[2026-05-01 06:03:27 +0000] [3488569] [INFO] Listening at: http://127.0.0.1:8000 (3488569)
[2026-05-01 06:03:27 +0000] [3488569] [INFO] Using worker: sync
[2026-05-01 06:03:27 +0000] [3488571] [INFO] Booting worker with pid: 3488571
[2026-05-01 06:03:27 +0000] [3488572] [INFO] Booting worker with pid: 3488572
[2026-05-01 06:03:27 +0000] [3488573] [INFO] Booting worker with pid: 3488573
[2026-05-01 06:03:28 +0000] [3488569] [INFO] Control socket listening at /run/user/0/gunicorn.ctl
Internal Server Error: /chatbot/dXNlcl8x
Traceback (most recent call last):
  File "/var/www/html/venv/lib/python3.10/site-packages/django/db/backends/utils.py", line 105, in _execute
    return self.cursor.execute(sql, params)
  File "/var/www/html/venv/lib/python3.10/site-packages/django/db/backends/sqlite3/base.py", line 360, in execute
    return super().execute(query, params)
sqlite3.OperationalError: no such column: dashboard_customerbot.instance_id

The above exception was the direct cause of the following exception:

Traceback (most recent call last):
  File "/var/www/html/venv/lib/python3.10/site-packages/django/core/handlers/exception.py", line 55, in inner
    response = get_response(request)
  File "/var/www/html/venv/lib/python3.10/site-packages/django/core/handlers/base.py", line 197, in _get_response
    response = wrapped_callback(request, *callback_args, **callback_kwargs)
  File "/home/aibot/public_html/dashboard/views.py", line 168, in chatbot_page
    bot = CustomerBot.objects.filter(customer=user).first()
  File "/var/www/html/venv/lib/python3.10/site-packages/django/db/models/query.py", line 1106, in first
    for obj in queryset[:1]:
  File "/var/www/html/venv/lib/python3.10/site-packages/django/db/models/query.py", line 386, in __iter__
    self._fetch_all()
  File "/var/www/html/venv/lib/python3.10/site-packages/django/db/models/query.py", line 1954, in _fetch_all
    self._result_cache = list(self._iterable_class(self))
  File "/var/www/html/venv/lib/python3.10/site-packages/django/db/models/query.py", line 93, in __iter__
    results = compiler.execute_sql(
  File "/var/www/html/venv/lib/python3.10/site-packages/django/db/models/sql/compiler.py", line 1623, in execute_sql
    cursor.execute(sql, params)
  File "/var/www/html/venv/lib/python3.10/site-packages/django/db/backends/utils.py", line 122, in execute
    return super().execute(sql, params)
  File "/var/www/html/venv/lib/python3.10/site-packages/django/db/backends/utils.py", line 79, in execute
    return self._execute_with_wrappers(
  File "/var/www/html/venv/lib/python3.10/site-packages/django/db/backends/utils.py", line 92, in _execute_with_wrappers
    return executor(sql, params, many, context)
  File "/var/www/html/venv/lib/python3.10/site-packages/django/db/backends/utils.py", line 100, in _execute
    with self.db.wrap_database_errors:
  File "/var/www/html/venv/lib/python3.10/site-packages/django/db/utils.py", line 91, in __exit__
    raise dj_exc_value.with_traceback(traceback) from exc_value
  File "/var/www/html/venv/lib/python3.10/site-packages/django/db/backends/utils.py", line 105, in _execute
    return self.cursor.execute(sql, params)
  File "/var/www/html/venv/lib/python3.10/site-packages/django/db/backends/sqlite3/base.py", line 360, in execute
    return super().execute(query, params)
django.db.utils.OperationalError: no such column: dashboard_customerbot.instance_id
